2024-04-16 00:47:09 Loading main app package /opt/Obsidian/resources/obsidian.asar
2024-04-16 00:47:11 Checking for update using Github
2024-04-16 00:47:11 Success.
2024-04-16 00:47:11 Latest version is 1.5.12
2024-04-16 00:47:11 App is up to date.
2024-04-16 00:47:40 Loading main app package /opt/Obsidian/resources/obsidian.asar
2024-04-16 00:47:40 Checking for update using Github
2024-04-16 00:47:40 Success.
2024-04-16 00:47:40 Latest version is 1.5.12
2024-04-16 00:47:40 App is up to date.
2024-04-16 00:49:25 Loading main app package /opt/Obsidian/resources/obsidian.asar
2024-04-16 00:49:25 Checking for update using Github
2024-04-16 00:49:25 Success.
2024-04-16 00:49:25 Latest version is 1.5.12
2024-04-16 00:49:25 App is up to date.
2024-04-16 01:05:20 Loading main app package /opt/Obsidian/resources/obsidian.asar
2024-04-16 01:05:20 Checking for update using Github
2024-04-16 01:05:20 Success.
2024-04-16 01:05:20 Latest version is 1.5.12
2024-04-16 01:05:20 App is up to date.
2024-04-16 01:06:38 Loading main app package /opt/Obsidian/resources/obsidian.asar
2024-04-16 01:06:38 Checking for update using Github
2024-04-16 01:06:38 Success.
2024-04-16 01:06:38 Latest version is 1.5.12
2024-04-16 01:06:38 App is up to date.
2024-04-16 01:11:58 Loading main app package /opt/Obsidian/resources/obsidian.asar
2024-04-16 01:11:58 Checking for update using Github
2024-04-16 01:11:58 Success.
2024-04-16 01:11:58 Latest version is 1.5.12
2024-04-16 01:11:58 App is up to date.
2024-04-16 02:11:58 Checking for update using Github
2024-04-16 02:11:58 Success.
2024-04-16 02:11:58 Latest version is 1.5.12
2024-04-16 02:11:58 App is up to date.
2024-04-16 03:11:58 Checking for update using Github
2024-04-16 03:11:58 Success.
2024-04-16 03:11:58 Latest version is 1.5.12
2024-04-16 03:11:58 App is up to date.
2024-04-16 04:11:31 Loading main app package /opt/Obsidian/resources/obsidian.asar
2024-04-16 04:11:31 Checking for update using Github
2024-04-16 04:11:31 Success.
2024-04-16 04:11:31 Latest version is 1.5.12
2024-04-16 04:11:31 App is up to date.
2024-04-16 04:16:30 Loading main app package /opt/Obsidian/resources/obsidian.asar
2024-04-16 04:16:30 Checking for update using Github
2024-04-16 04:16:30 Success.
2024-04-16 04:16:30 Latest version is 1.5.12
2024-04-16 04:16:30 App is up to date.
2024-04-16 04:18:00 Loading main app package /opt/Obsidian/resources/obsidian.asar
2024-04-16 04:18:02 Checking for update using Github
2024-04-16 04:18:02 Success.
2024-04-16 04:18:02 Latest version is 1.5.12
2024-04-16 04:18:02 App is up to date.
2024-04-16 04:30:45 Loading main app package /opt/Obsidian/resources/obsidian.asar
2024-04-16 04:30:45 Checking for update using Github
2024-04-16 04:30:45 Success.
2024-04-16 04:30:45 Latest version is 1.5.12
2024-04-16 04:30:45 App is up to date.
2024-04-16 04:39:06 Loading main app package /opt/Obsidian/resources/obsidian.asar
2024-04-16 04:39:06 Checking for update using Github
2024-04-16 04:39:06 Success.
2024-04-16 04:39:06 Latest version is 1.5.12
2024-04-16 04:39:06 App is up to date.
2024-04-16 04:41:42 Loading main app package /opt/Obsidian/resources/obsidian.asar
2024-04-16 04:41:42 Checking for update using Github
2024-04-16 04:41:42 Success.
2024-04-16 04:41:42 Latest version is 1.5.12
2024-04-16 04:41:42 App is up to date.
2024-04-16 05:41:42 Checking for update using Github
2024-04-16 05:41:47 Success.
2024-04-16 05:41:47 Latest version is 1.5.12
2024-04-16 05:41:47 App is up to date.
2024-04-16 15:34:09 Loading main app package /opt/Obsidian/resources/obsidian.asar
2024-04-16 15:34:11 Checking for update using Github
2024-04-16 15:34:14 Success.
2024-04-16 15:34:14 Latest version is 1.5.12
2024-04-16 15:34:14 App is up to date.
2024-04-16 16:34:09 Checking for update using Github
2024-04-16 16:34:09 Success.
2024-04-16 16:34:09 Latest version is 1.5.12
2024-04-16 16:34:09 App is up to date.
2024-04-16 17:34:09 Checking for update using Github
2024-04-16 17:34:09 Success.
2024-04-16 17:34:09 Latest version is 1.5.12
2024-04-16 17:34:09 App is up to date.
2024-04-16 18:34:09 Checking for update using Github
2024-04-16 18:34:09 Success.
2024-04-16 18:34:09 Latest version is 1.5.12
2024-04-16 18:34:09 App is up to date.
2024-04-16 19:34:09 Checking for update using Github
2024-04-16 19:34:09 Success.
2024-04-16 19:34:09 Latest version is 1.5.12
2024-04-16 19:34:09 App is up to date.
2024-04-16 20:34:09 Checking for update using Github
2024-04-16 20:34:09 Success.
2024-04-16 20:34:09 Latest version is 1.5.12
2024-04-16 20:34:09 App is up to date.
2024-04-16 21:34:09 Checking for update using Github
2024-04-16 21:34:09 Success.
2024-04-16 21:34:09 Latest version is 1.5.12
2024-04-16 21:34:09 App is up to date.
2024-04-16 22:34:09 Checking for update using Github
2024-04-16 22:34:09 Success.
2024-04-16 22:34:09 Latest version is 1.5.12
2024-04-16 22:34:09 App is up to date.
2024-04-16 23:24:27 Loading main app package /opt/Obsidian/resources/obsidian.asar
2024-04-16 23:24:27 Checking for update using Github
2024-04-16 23:24:27 Success.
2024-04-16 23:24:27 Latest version is 1.5.12
2024-04-16 23:24:27 App is up to date.
2024-04-17 00:24:27 Checking for update using Github
2024-04-17 00:24:27 Success.
2024-04-17 00:24:27 Latest version is 1.5.12
2024-04-17 00:24:27 App is up to date.
